The system is: Linux - 4.18.0-477.10.1.el8_8.x86_64 - x86_64
Compiling the CXX compiler identification source file "CMakeCXXCompilerId.cpp" succeeded.
Compiler: /opt/apps/gcc/12.2.0/bin/g++ 
Build flags: 
Id flags:  

The output was:
0


Compilation of the CXX compiler identification source "CMakeCXXCompilerId.cpp" produced "a.out"

The CXX compiler identification is GNU, found in "/work/chuanqiu/2Dsystem/my_NewMark/2Dsystem/src/2Djacobi_gmshVtk/yamlbuild/CMakeFiles/3.23.2/CompilerIdCXX/a.out"

Compiling the C compiler identification source file "CMakeCCompilerId.c" succeeded.
Compiler: /opt/apps/gcc/12.2.0/bin/gcc 
Build flags: 
Id flags:  

The output was:
0


Compilation of the C compiler identification source "CMakeCCompilerId.c" produced "a.out"

The C compiler identification is GNU, found in "/work/chuanqiu/2Dsystem/my_NewMark/2Dsystem/src/2Djacobi_gmshVtk/yamlbuild/CMakeFiles/3.23.2/CompilerIdC/a.out"

Detecting CXX compiler ABI info compiled with the following output:
Change Dir: /work/chuanqiu/2Dsystem/my_NewMark/2Dsystem/src/2Djacobi_gmshVtk/yamlbuild/CMakeFiles/CMakeTmp

Run Build Command(s):/usr/bin/gmake -f Makefile cmTC_94168/fast && /usr/bin/gmake  -f CMakeFiles/cmTC_94168.dir/build.make CMakeFiles/cmTC_94168.dir/build
gmake[1]: Entering directory '/work/chuanqiu/2Dsystem/my_NewMark/2Dsystem/src/2Djacobi_gmshVtk/yamlbuild/CMakeFiles/CMakeTmp'
Building CXX object CMakeFiles/cmTC_94168.dir/CMakeCXXCompilerABI.cpp.o
/opt/apps/gcc/12.2.0/bin/g++   -v -o CMakeFiles/cmTC_94168.dir/CMakeCXXCompilerABI.cpp.o -c /opt/apps/cmake/3.23.2/share/cmake-3.23/Modules/CMakeCXXCompilerABI.cpp
Using built-in specs.
COLLECT_GCC=/opt/apps/gcc/12.2.0/bin/g++
OFFLOAD_TARGET_NAMES=nvptx-none
OFFLOAD_TARGET_DEFAULT=1
Target: x86_64-redhat-linux
Configured with: ./configure --prefix=/opt/apps/gcc/12.2.0 --with-pkgversion=20230523 --enable-bootstrap --enable-shared --enable-threads=posix --enable-checking=release --with-system-zlib --disable-multilib --enable-languages=c,c++,fortran,lto --enable-plugin --with-linker-hash-style=gnu --disable-libunwind-exceptions --enable-gnu-unique-object --enable-__cxa_atexit --enable-initfini-array --disable-libgcj --enable-linker-build-id --enable-gnu-indirect-function --enable-cet --disable-libmpx --with-isl --with-tune=generic --with-arch_32=x86-64 --build=x86_64-redhat-linux --enable-offload-targets=nvptx-none --enable-libssp --enable-gold=default --enable-ld=yes --enable-libstdcxx-backtrace --with-libstdcxx-zoneinfo=/usr/share/zoneinfo --without-cuda-driver --enable-offload-defaulted
Thread model: posix
Supported LTO compression algorithms: zlib zstd
gcc version 12.2.0 (20230523) 
COLLECT_GCC_OPTIONS='-v' '-o' 'CMakeFiles/cmTC_94168.dir/CMakeCXXCompilerABI.cpp.o' '-c' '-shared-libgcc' '-mtune=generic' '-march=x86-64' '-dumpdir' 'CMakeFiles/cmTC_94168.dir/'
 /opt/apps/gcc/12.2.0/libexec/gcc/x86_64-redhat-linux/12.2.0/cc1plus -quiet -v -D_GNU_SOURCE /opt/apps/cmake/3.23.2/share/cmake-3.23/Modules/CMakeCXXCompilerABI.cpp -quiet -dumpdir CMakeFiles/cmTC_94168.dir/ -dumpbase CMakeCXXCompilerABI.cpp.cpp -dumpbase-ext .cpp -mtune=generic -march=x86-64 -version -o /tmp/cc8dziwP.s
GNU C++17 (20230523) version 12.2.0 (x86_64-redhat-linux)
	compiled by GNU C version 12.2.0, GMP version 6.2.1, MPFR version 4.1.0, MPC version 1.2.1, isl version isl-0.24-GMP

GGC heuristics: --param ggc-min-expand=100 --param ggc-min-heapsize=131072
ignoring nonexistent directory "/opt/apps/gcc/12.2.0/lib/gcc/x86_64-redhat-linux/12.2.0/../../../../x86_64-redhat-linux/include"
ignoring nonexistent directory "include"
ignoring duplicate directory "/opt/apps/gcc/12.2.0/include"
  as it is a non-system directory that duplicates a system directory
#include "..." search starts here:
#include <...> search starts here:
 /opt/apps/hwloc/2.9.1/include
 /opt/apps/gcc/12.2.0/lib/gcc/x86_64-redhat-linux/12.2.0/../../../../include/c++/12.2.0
 /opt/apps/gcc/12.2.0/lib/gcc/x86_64-redhat-linux/12.2.0/../../../../include/c++/12.2.0/x86_64-redhat-linux
 /opt/apps/gcc/12.2.0/lib/gcc/x86_64-redhat-linux/12.2.0/../../../../include/c++/12.2.0/backward
 /opt/apps/gcc/12.2.0/lib/gcc/x86_64-redhat-linux/12.2.0/include
 /usr/local/include
 /opt/apps/gcc/12.2.0/include
 /opt/apps/gcc/12.2.0/lib/gcc/x86_64-redhat-linux/12.2.0/include-fixed
 /usr/include
End of search list.
GNU C++17 (20230523) version 12.2.0 (x86_64-redhat-linux)
	compiled by GNU C version 12.2.0, GMP version 6.2.1, MPFR version 4.1.0, MPC version 1.2.1, isl version isl-0.24-GMP

GGC heuristics: --param ggc-min-expand=100 --param ggc-min-heapsize=131072
Compiler executable checksum: e79dd0abe1bff51c92d6ec28488edf0e
COLLECT_GCC_OPTIONS='-v' '-o' 'CMakeFiles/cmTC_94168.dir/CMakeCXXCompilerABI.cpp.o' '-c' '-shared-libgcc' '-mtune=generic' '-march=x86-64' '-dumpdir' 'CMakeFiles/cmTC_94168.dir/'
 as -v --64 -o CMakeFiles/cmTC_94168.dir/CMakeCXXCompilerABI.cpp.o /tmp/cc8dziwP.s
GNU assembler version 2.40 (x86_64-pc-linux-gnu) using BFD version (GNU Binutils) 2.40
COMPILER_PATH=/opt/apps/gcc/12.2.0/libexec/gcc/x86_64-redhat-linux/12.2.0/:/opt/apps/gcc/12.2.0/libexec/gcc/x86_64-redhat-linux/12.2.0/:/opt/apps/gcc/12.2.0/libexec/gcc/x86_64-redhat-linux/:/opt/apps/gcc/12.2.0/lib/gcc/x86_64-redhat-linux/12.2.0/:/opt/apps/gcc/12.2.0/lib/gcc/x86_64-redhat-linux/
LIBRARY_PATH=/opt/apps/gcc/12.2.0/lib/gcc/x86_64-redhat-linux/12.2.0/:/opt/apps/gcc/12.2.0/lib/gcc/x86_64-redhat-linux/12.2.0/../../../../lib64/:/lib/../lib64/:/usr/lib/../lib64/:/opt/apps/gcc/12.2.0/lib/gcc/x86_64-redhat-linux/12.2.0/../../../:/lib/:/usr/lib/
COLLECT_GCC_OPTIONS='-v' '-o' 'CMakeFiles/cmTC_94168.dir/CMakeCXXCompilerABI.cpp.o' '-c' '-shared-libgcc' '-mtune=generic' '-march=x86-64' '-dumpdir' 'CMakeFiles/cmTC_94168.dir/CMakeCXXCompilerABI.cpp.'
Linking CXX executable cmTC_94168
/opt/apps/cmake/3.23.2/bin/cmake -E cmake_link_script CMakeFiles/cmTC_94168.dir/link.txt --verbose=1
/opt/apps/gcc/12.2.0/bin/g++  -v CMakeFiles/cmTC_94168.dir/CMakeCXXCompilerABI.cpp.o -o cmTC_94168 
Using built-in specs.
COLLECT_GCC=/opt/apps/gcc/12.2.0/bin/g++
COLLECT_LTO_WRAPPER=/opt/apps/gcc/12.2.0/libexec/gcc/x86_64-redhat-linux/12.2.0/lto-wrapper
OFFLOAD_TARGET_NAMES=nvptx-none
OFFLOAD_TARGET_DEFAULT=1
Target: x86_64-redhat-linux
Configured with: ./configure --prefix=/opt/apps/gcc/12.2.0 --with-pkgversion=20230523 --enable-bootstrap --enable-shared --enable-threads=posix --enable-checking=release --with-system-zlib --disable-multilib --enable-languages=c,c++,fortran,lto --enable-plugin --with-linker-hash-style=gnu --disable-libunwind-exceptions --enable-gnu-unique-object --enable-__cxa_atexit --enable-initfini-array --disable-libgcj --enable-linker-build-id --enable-gnu-indirect-function --enable-cet --disable-libmpx --with-isl --with-tune=generic --with-arch_32=x86-64 --build=x86_64-redhat-linux --enable-offload-targets=nvptx-none --enable-libssp --enable-gold=default --enable-ld=yes --enable-libstdcxx-backtrace --with-libstdcxx-zoneinfo=/usr/share/zoneinfo --without-cuda-driver --enable-offload-defaulted
Thread model: posix
Supported LTO compression algorithms: zlib zstd
gcc version 12.2.0 (20230523) 
COMPILER_PATH=/opt/apps/gcc/12.2.0/libexec/gcc/x86_64-redhat-linux/12.2.0/:/opt/apps/gcc/12.2.0/libexec/gcc/x86_64-redhat-linux/12.2.0/:/opt/apps/gcc/12.2.0/libexec/gcc/x86_64-redhat-linux/:/opt/apps/gcc/12.2.0/lib/gcc/x86_64-redhat-linux/12.2.0/:/opt/apps/gcc/12.2.0/lib/gcc/x86_64-redhat-linux/
LIBRARY_PATH=/opt/apps/gcc/12.2.0/lib/gcc/x86_64-redhat-linux/12.2.0/:/opt/apps/gcc/12.2.0/lib/gcc/x86_64-redhat-linux/12.2.0/../../../../lib64/:/lib/../lib64/:/usr/lib/../lib64/:/opt/apps/gcc/12.2.0/lib/gcc/x86_64-redhat-linux/12.2.0/../../../:/lib/:/usr/lib/
COLLECT_GCC_OPTIONS='-v' '-o' 'cmTC_94168' '-shared-libgcc' '-mtune=generic' '-march=x86-64' '-dumpdir' 'cmTC_94168.'
 /opt/apps/gcc/12.2.0/libexec/gcc/x86_64-redhat-linux/12.2.0/collect2 -plugin /opt/apps/gcc/12.2.0/libexec/gcc/x86_64-redhat-linux/12.2.0/liblto_plugin.so -plugin-opt=/opt/apps/gcc/12.2.0/libexec/gcc/x86_64-redhat-linux/12.2.0/lto-wrapper -plugin-opt=-fresolution=/tmp/ccfAyJqU.res -plugin-opt=-pass-through=-lgcc_s -plugin-opt=-pass-through=-lgcc -plugin-opt=-pass-through=-lc -plugin-opt=-pass-through=-lgcc_s -plugin-opt=-pass-through=-lgcc --build-id --eh-frame-hdr --hash-style=gnu -m elf_x86_64 -dynamic-linker /lib64/ld-linux-x86-64.so.2 -o cmTC_94168 /lib/../lib64/crt1.o /lib/../lib64/crti.o /opt/apps/gcc/12.2.0/lib/gcc/x86_64-redhat-linux/12.2.0/crtbegin.o -L/opt/apps/gcc/12.2.0/lib/gcc/x86_64-redhat-linux/12.2.0 -L/opt/apps/gcc/12.2.0/lib/gcc/x86_64-redhat-linux/12.2.0/../../../../lib64 -L/lib/../lib64 -L/usr/lib/../lib64 -L/opt/apps/gcc/12.2.0/lib/gcc/x86_64-redhat-linux/12.2.0/../../.. CMakeFiles/cmTC_94168.dir/CMakeCXXCompilerABI.cpp.o -lstdc++ -lm -lgcc_s -lgcc -lc -lgcc_s -lgcc /opt/apps/gcc/12.2.0/lib/gcc/x86_64-redhat-linux/12.2.0/crtend.o /lib/../lib64/crtn.o
COLLECT_GCC_OPTIONS='-v' '-o' 'cmTC_94168' '-shared-libgcc' '-mtune=generic' '-march=x86-64' '-dumpdir' 'cmTC_94168.'
gmake[1]: Leaving directory '/work/chuanqiu/2Dsystem/my_NewMark/2Dsystem/src/2Djacobi_gmshVtk/yamlbuild/CMakeFiles/CMakeTmp'



Parsed CXX implicit include dir info from above output: rv=done
  found start of include info
  found start of implicit include info
    add: [/opt/apps/hwloc/2.9.1/include]
    add: [/opt/apps/gcc/12.2.0/lib/gcc/x86_64-redhat-linux/12.2.0/../../../../include/c++/12.2.0]
    add: [/opt/apps/gcc/12.2.0/lib/gcc/x86_64-redhat-linux/12.2.0/../../../../include/c++/12.2.0/x86_64-redhat-linux]
    add: [/opt/apps/gcc/12.2.0/lib/gcc/x86_64-redhat-linux/12.2.0/../../../../include/c++/12.2.0/backward]
    add: [/opt/apps/gcc/12.2.0/lib/gcc/x86_64-redhat-linux/12.2.0/include]
    add: [/usr/local/include]
    add: [/opt/apps/gcc/12.2.0/include]
    add: [/opt/apps/gcc/12.2.0/lib/gcc/x86_64-redhat-linux/12.2.0/include-fixed]
    add: [/usr/include]
  end of search list found
  collapse include dir [/opt/apps/hwloc/2.9.1/include] ==> [/opt/apps/hwloc/2.9.1/include]
  collapse include dir [/opt/apps/gcc/12.2.0/lib/gcc/x86_64-redhat-linux/12.2.0/../../../../include/c++/12.2.0] ==> [/opt/apps/gcc/12.2.0/include/c++/12.2.0]
  collapse include dir [/opt/apps/gcc/12.2.0/lib/gcc/x86_64-redhat-linux/12.2.0/../../../../include/c++/12.2.0/x86_64-redhat-linux] ==> [/opt/apps/gcc/12.2.0/include/c++/12.2.0/x86_64-redhat-linux]
  collapse include dir [/opt/apps/gcc/12.2.0/lib/gcc/x86_64-redhat-linux/12.2.0/../../../../include/c++/12.2.0/backward] ==> [/opt/apps/gcc/12.2.0/include/c++/12.2.0/backward]
  collapse include dir [/opt/apps/gcc/12.2.0/lib/gcc/x86_64-redhat-linux/12.2.0/include] ==> [/opt/apps/gcc/12.2.0/lib/gcc/x86_64-redhat-linux/12.2.0/include]
  collapse include dir [/usr/local/include] ==> [/usr/local/include]
  collapse include dir [/opt/apps/gcc/12.2.0/include] ==> [/opt/apps/gcc/12.2.0/include]
  collapse include dir [/opt/apps/gcc/12.2.0/lib/gcc/x86_64-redhat-linux/12.2.0/include-fixed] ==> [/opt/apps/gcc/12.2.0/lib/gcc/x86_64-redhat-linux/12.2.0/include-fixed]
  collapse include dir [/usr/include] ==> [/usr/include]
  implicit include dirs: [/opt/apps/hwloc/2.9.1/include;/opt/apps/gcc/12.2.0/include/c++/12.2.0;/opt/apps/gcc/12.2.0/include/c++/12.2.0/x86_64-redhat-linux;/opt/apps/gcc/12.2.0/include/c++/12.2.0/backward;/opt/apps/gcc/12.2.0/lib/gcc/x86_64-redhat-linux/12.2.0/include;/usr/local/include;/opt/apps/gcc/12.2.0/include;/opt/apps/gcc/12.2.0/lib/gcc/x86_64-redhat-linux/12.2.0/include-fixed;/usr/include]


Parsed CXX implicit link information from above output:
  link line regex: [^( *|.*[/\])(ld|CMAKE_LINK_STARTFILE-NOTFOUND|([^/\]+-)?ld|collect2)[^/\]*( |$)]
  ignore line: [Change Dir: /work/chuanqiu/2Dsystem/my_NewMark/2Dsystem/src/2Djacobi_gmshVtk/yamlbuild/CMakeFiles/CMakeTmp]
  ignore line: []
  ignore line: [Run Build Command(s):/usr/bin/gmake -f Makefile cmTC_94168/fast && /usr/bin/gmake  -f CMakeFiles/cmTC_94168.dir/build.make CMakeFiles/cmTC_94168.dir/build]
  ignore line: [gmake[1]: Entering directory '/work/chuanqiu/2Dsystem/my_NewMark/2Dsystem/src/2Djacobi_gmshVtk/yamlbuild/CMakeFiles/CMakeTmp']
  ignore line: [Building CXX object CMakeFiles/cmTC_94168.dir/CMakeCXXCompilerABI.cpp.o]
  ignore line: [/opt/apps/gcc/12.2.0/bin/g++   -v -o CMakeFiles/cmTC_94168.dir/CMakeCXXCompilerABI.cpp.o -c /opt/apps/cmake/3.23.2/share/cmake-3.23/Modules/CMakeCXXCompilerABI.cpp]
  ignore line: [Using built-in specs.]
  ignore line: [COLLECT_GCC=/opt/apps/gcc/12.2.0/bin/g++]
  ignore line: [OFFLOAD_TARGET_NAMES=nvptx-none]
  ignore line: [OFFLOAD_TARGET_DEFAULT=1]
  ignore line: [Target: x86_64-redhat-linux]
  ignore line: [Configured with: ./configure --prefix=/opt/apps/gcc/12.2.0 --with-pkgversion=20230523 --enable-bootstrap --enable-shared --enable-threads=posix --enable-checking=release --with-system-zlib --disable-multilib --enable-languages=c,c++,fortran,lto --enable-plugin --with-linker-hash-style=gnu --disable-libunwind-exceptions --enable-gnu-unique-object --enable-__cxa_atexit --enable-initfini-array --disable-libgcj --enable-linker-build-id --enable-gnu-indirect-function --enable-cet --disable-libmpx --with-isl --with-tune=generic --with-arch_32=x86-64 --build=x86_64-redhat-linux --enable-offload-targets=nvptx-none --enable-libssp --enable-gold=default --enable-ld=yes --enable-libstdcxx-backtrace --with-libstdcxx-zoneinfo=/usr/share/zoneinfo --without-cuda-driver --enable-offload-defaulted]
  ignore line: [Thread model: posix]
  ignore line: [Supported LTO compression algorithms: zlib zstd]
  ignore line: [gcc version 12.2.0 (20230523) ]
  ignore line: [COLLECT_GCC_OPTIONS='-v' '-o' 'CMakeFiles/cmTC_94168.dir/CMakeCXXCompilerABI.cpp.o' '-c' '-shared-libgcc' '-mtune=generic' '-march=x86-64' '-dumpdir' 'CMakeFiles/cmTC_94168.dir/']
  ignore line: [ /opt/apps/gcc/12.2.0/libexec/gcc/x86_64-redhat-linux/12.2.0/cc1plus -quiet -v -D_GNU_SOURCE /opt/apps/cmake/3.23.2/share/cmake-3.23/Modules/CMakeCXXCompilerABI.cpp -quiet -dumpdir CMakeFiles/cmTC_94168.dir/ -dumpbase CMakeCXXCompilerABI.cpp.cpp -dumpbase-ext .cpp -mtune=generic -march=x86-64 -version -o /tmp/cc8dziwP.s]
  ignore line: [GNU C++17 (20230523) version 12.2.0 (x86_64-redhat-linux)]
  ignore line: [	compiled by GNU C version 12.2.0  GMP version 6.2.1  MPFR version 4.1.0  MPC version 1.2.1  isl version isl-0.24-GMP]
  ignore line: []
  ignore line: [GGC heuristics: --param ggc-min-expand=100 --param ggc-min-heapsize=131072]
  ignore line: [ignoring nonexistent directory "/opt/apps/gcc/12.2.0/lib/gcc/x86_64-redhat-linux/12.2.0/../../../../x86_64-redhat-linux/include"]
  ignore line: [ignoring nonexistent directory "include"]
  ignore line: [ignoring duplicate directory "/opt/apps/gcc/12.2.0/include"]
  ignore line: [  as it is a non-system directory that duplicates a system directory]
  ignore line: [#include "..." search starts here:]
  ignore line: [#include <...> search starts here:]
  ignore line: [ /opt/apps/hwloc/2.9.1/include]
  ignore line: [ /opt/apps/gcc/12.2.0/lib/gcc/x86_64-redhat-linux/12.2.0/../../../../include/c++/12.2.0]
  ignore line: [ /opt/apps/gcc/12.2.0/lib/gcc/x86_64-redhat-linux/12.2.0/../../../../include/c++/12.2.0/x86_64-redhat-linux]
  ignore line: [ /opt/apps/gcc/12.2.0/lib/gcc/x86_64-redhat-linux/12.2.0/../../../../include/c++/12.2.0/backward]
  ignore line: [ /opt/apps/gcc/12.2.0/lib/gcc/x86_64-redhat-linux/12.2.0/include]
  ignore line: [ /usr/local/include]
  ignore line: [ /opt/apps/gcc/12.2.0/include]
  ignore line: [ /opt/apps/gcc/12.2.0/lib/gcc/x86_64-redhat-linux/12.2.0/include-fixed]
  ignore line: [ /usr/include]
  ignore line: [End of search list.]
  ignore line: [GNU C++17 (20230523) version 12.2.0 (x86_64-redhat-linux)]
  ignore line: [	compiled by GNU C version 12.2.0  GMP version 6.2.1  MPFR version 4.1.0  MPC version 1.2.1  isl version isl-0.24-GMP]
  ignore line: []
  ignore line: [GGC heuristics: --param ggc-min-expand=100 --param ggc-min-heapsize=131072]
  ignore line: [Compiler executable checksum: e79dd0abe1bff51c92d6ec28488edf0e]
  ignore line: [COLLECT_GCC_OPTIONS='-v' '-o' 'CMakeFiles/cmTC_94168.dir/CMakeCXXCompilerABI.cpp.o' '-c' '-shared-libgcc' '-mtune=generic' '-march=x86-64' '-dumpdir' 'CMakeFiles/cmTC_94168.dir/']
  ignore line: [ as -v --64 -o CMakeFiles/cmTC_94168.dir/CMakeCXXCompilerABI.cpp.o /tmp/cc8dziwP.s]
  ignore line: [GNU assembler version 2.40 (x86_64-pc-linux-gnu) using BFD version (GNU Binutils) 2.40]
  ignore line: [COMPILER_PATH=/opt/apps/gcc/12.2.0/libexec/gcc/x86_64-redhat-linux/12.2.0/:/opt/apps/gcc/12.2.0/libexec/gcc/x86_64-redhat-linux/12.2.0/:/opt/apps/gcc/12.2.0/libexec/gcc/x86_64-redhat-linux/:/opt/apps/gcc/12.2.0/lib/gcc/x86_64-redhat-linux/12.2.0/:/opt/apps/gcc/12.2.0/lib/gcc/x86_64-redhat-linux/]
  ignore line: [LIBRARY_PATH=/opt/apps/gcc/12.2.0/lib/gcc/x86_64-redhat-linux/12.2.0/:/opt/apps/gcc/12.2.0/lib/gcc/x86_64-redhat-linux/12.2.0/../../../../lib64/:/lib/../lib64/:/usr/lib/../lib64/:/opt/apps/gcc/12.2.0/lib/gcc/x86_64-redhat-linux/12.2.0/../../../:/lib/:/usr/lib/]
  ignore line: [COLLECT_GCC_OPTIONS='-v' '-o' 'CMakeFiles/cmTC_94168.dir/CMakeCXXCompilerABI.cpp.o' '-c' '-shared-libgcc' '-mtune=generic' '-march=x86-64' '-dumpdir' 'CMakeFiles/cmTC_94168.dir/CMakeCXXCompilerABI.cpp.']
  ignore line: [Linking CXX executable cmTC_94168]
  ignore line: [/opt/apps/cmake/3.23.2/bin/cmake -E cmake_link_script CMakeFiles/cmTC_94168.dir/link.txt --verbose=1]
  ignore line: [/opt/apps/gcc/12.2.0/bin/g++  -v CMakeFiles/cmTC_94168.dir/CMakeCXXCompilerABI.cpp.o -o cmTC_94168 ]
  ignore line: [Using built-in specs.]
  ignore line: [COLLECT_GCC=/opt/apps/gcc/12.2.0/bin/g++]
  ignore line: [COLLECT_LTO_WRAPPER=/opt/apps/gcc/12.2.0/libexec/gcc/x86_64-redhat-linux/12.2.0/lto-wrapper]
  ignore line: [OFFLOAD_TARGET_NAMES=nvptx-none]
  ignore line: [OFFLOAD_TARGET_DEFAULT=1]
  ignore line: [Target: x86_64-redhat-linux]
  ignore line: [Configured with: ./configure --prefix=/opt/apps/gcc/12.2.0 --with-pkgversion=20230523 --enable-bootstrap --enable-shared --enable-threads=posix --enable-checking=release --with-system-zlib --disable-multilib --enable-languages=c,c++,fortran,lto --enable-plugin --with-linker-hash-style=gnu --disable-libunwind-exceptions --enable-gnu-unique-object --enable-__cxa_atexit --enable-initfini-array --disable-libgcj --enable-linker-build-id --enable-gnu-indirect-function --enable-cet --disable-libmpx --with-isl --with-tune=generic --with-arch_32=x86-64 --build=x86_64-redhat-linux --enable-offload-targets=nvptx-none --enable-libssp --enable-gold=default --enable-ld=yes --enable-libstdcxx-backtrace --with-libstdcxx-zoneinfo=/usr/share/zoneinfo --without-cuda-driver --enable-offload-defaulted]
  ignore line: [Thread model: posix]
  ignore line: [Supported LTO compression algorithms: zlib zstd]
  ignore line: [gcc version 12.2.0 (20230523) ]
  ignore line: [COMPILER_PATH=/opt/apps/gcc/12.2.0/libexec/gcc/x86_64-redhat-linux/12.2.0/:/opt/apps/gcc/12.2.0/libexec/gcc/x86_64-redhat-linux/12.2.0/:/opt/apps/gcc/12.2.0/libexec/gcc/x86_64-redhat-linux/:/opt/apps/gcc/12.2.0/lib/gcc/x86_64-redhat-linux/12.2.0/:/opt/apps/gcc/12.2.0/lib/gcc/x86_64-redhat-linux/]
  ignore line: [LIBRARY_PATH=/opt/apps/gcc/12.2.0/lib/gcc/x86_64-redhat-linux/12.2.0/:/opt/apps/gcc/12.2.0/lib/gcc/x86_64-redhat-linux/12.2.0/../../../../lib64/:/lib/../lib64/:/usr/lib/../lib64/:/opt/apps/gcc/12.2.0/lib/gcc/x86_64-redhat-linux/12.2.0/../../../:/lib/:/usr/lib/]
  ignore line: [COLLECT_GCC_OPTIONS='-v' '-o' 'cmTC_94168' '-shared-libgcc' '-mtune=generic' '-march=x86-64' '-dumpdir' 'cmTC_94168.']
  link line: [ /opt/apps/gcc/12.2.0/libexec/gcc/x86_64-redhat-linux/12.2.0/collect2 -plugin /opt/apps/gcc/12.2.0/libexec/gcc/x86_64-redhat-linux/12.2.0/liblto_plugin.so -plugin-opt=/opt/apps/gcc/12.2.0/libexec/gcc/x86_64-redhat-linux/12.2.0/lto-wrapper -plugin-opt=-fresolution=/tmp/ccfAyJqU.res -plugin-opt=-pass-through=-lgcc_s -plugin-opt=-pass-through=-lgcc -plugin-opt=-pass-through=-lc -plugin-opt=-pass-through=-lgcc_s -plugin-opt=-pass-through=-lgcc --build-id --eh-frame-hdr --hash-style=gnu -m elf_x86_64 -dynamic-linker /lib64/ld-linux-x86-64.so.2 -o cmTC_94168 /lib/../lib64/crt1.o /lib/../lib64/crti.o /opt/apps/gcc/12.2.0/lib/gcc/x86_64-redhat-linux/12.2.0/crtbegin.o -L/opt/apps/gcc/12.2.0/lib/gcc/x86_64-redhat-linux/12.2.0 -L/opt/apps/gcc/12.2.0/lib/gcc/x86_64-redhat-linux/12.2.0/../../../../lib64 -L/lib/../lib64 -L/usr/lib/../lib64 -L/opt/apps/gcc/12.2.0/lib/gcc/x86_64-redhat-linux/12.2.0/../../.. CMakeFiles/cmTC_94168.dir/CMakeCXXCompilerABI.cpp.o -lstdc++ -lm -lgcc_s -lgcc -lc -lgcc_s -lgcc /opt/apps/gcc/12.2.0/lib/gcc/x86_64-redhat-linux/12.2.0/crtend.o /lib/../lib64/crtn.o]
    arg [/opt/apps/gcc/12.2.0/libexec/gcc/x86_64-redhat-linux/12.2.0/collect2] ==> ignore
    arg [-plugin] ==> ignore
    arg [/opt/apps/gcc/12.2.0/libexec/gcc/x86_64-redhat-linux/12.2.0/liblto_plugin.so] ==> ignore
    arg [-plugin-opt=/opt/apps/gcc/12.2.0/libexec/gcc/x86_64-redhat-linux/12.2.0/lto-wrapper] ==> ignore
    arg [-plugin-opt=-fresolution=/tmp/ccfAyJqU.res] ==> ignore
    arg [-plugin-opt=-pass-through=-lgcc_s] ==> ignore
    arg [-plugin-opt=-pass-through=-lgcc] ==> ignore
    arg [-plugin-opt=-pass-through=-lc] ==> ignore
    arg [-plugin-opt=-pass-through=-lgcc_s] ==> ignore
    arg [-plugin-opt=-pass-through=-lgcc] ==> ignore
    arg [--build-id] ==> ignore
    arg [--eh-frame-hdr] ==> ignore
    arg [--hash-style=gnu] ==> ignore
    arg [-m] ==> ignore
    arg [elf_x86_64] ==> ignore
    arg [-dynamic-linker] ==> ignore
    arg [/lib64/ld-linux-x86-64.so.2] ==> ignore
    arg [-o] ==> ignore
    arg [cmTC_94168] ==> ignore
    arg [/lib/../lib64/crt1.o] ==> obj [/lib/../lib64/crt1.o]
    arg [/lib/../lib64/crti.o] ==> obj [/lib/../lib64/crti.o]
    arg [/opt/apps/gcc/12.2.0/lib/gcc/x86_64-redhat-linux/12.2.0/crtbegin.o] ==> obj [/opt/apps/gcc/12.2.0/lib/gcc/x86_64-redhat-linux/12.2.0/crtbegin.o]
    arg [-L/opt/apps/gcc/12.2.0/lib/gcc/x86_64-redhat-linux/12.2.0] ==> dir [/opt/apps/gcc/12.2.0/lib/gcc/x86_64-redhat-linux/12.2.0]
    arg [-L/opt/apps/gcc/12.2.0/lib/gcc/x86_64-redhat-linux/12.2.0/../../../../lib64] ==> dir [/opt/apps/gcc/12.2.0/lib/gcc/x86_64-redhat-linux/12.2.0/../../../../lib64]
    arg [-L/lib/../lib64] ==> dir [/lib/../lib64]
    arg [-L/usr/lib/../lib64] ==> dir [/usr/lib/../lib64]
    arg [-L/opt/apps/gcc/12.2.0/lib/gcc/x86_64-redhat-linux/12.2.0/../../..] ==> dir [/opt/apps/gcc/12.2.0/lib/gcc/x86_64-redhat-linux/12.2.0/../../..]
    arg [CMakeFiles/cmTC_94168.dir/CMakeCXXCompilerABI.cpp.o] ==> ignore
    arg [-lstdc++] ==> lib [stdc++]
    arg [-lm] ==> lib [m]
    arg [-lgcc_s] ==> lib [gcc_s]
    arg [-lgcc] ==> lib [gcc]
    arg [-lc] ==> lib [c]
    arg [-lgcc_s] ==> lib [gcc_s]
    arg [-lgcc] ==> lib [gcc]
    arg [/opt/apps/gcc/12.2.0/lib/gcc/x86_64-redhat-linux/12.2.0/crtend.o] ==> obj [/opt/apps/gcc/12.2.0/lib/gcc/x86_64-redhat-linux/12.2.0/crtend.o]
    arg [/lib/../lib64/crtn.o] ==> obj [/lib/../lib64/crtn.o]
  collapse obj [/lib/../lib64/crt1.o] ==> [/lib64/crt1.o]
  collapse obj [/lib/../lib64/crti.o] ==> [/lib64/crti.o]
  collapse obj [/lib/../lib64/crtn.o] ==> [/lib64/crtn.o]
  collapse library dir [/opt/apps/gcc/12.2.0/lib/gcc/x86_64-redhat-linux/12.2.0] ==> [/opt/apps/gcc/12.2.0/lib/gcc/x86_64-redhat-linux/12.2.0]
  collapse library dir [/opt/apps/gcc/12.2.0/lib/gcc/x86_64-redhat-linux/12.2.0/../../../../lib64] ==> [/opt/apps/gcc/12.2.0/lib64]
  collapse library dir [/lib/../lib64] ==> [/lib64]
  collapse library dir [/usr/lib/../lib64] ==> [/usr/lib64]
  collapse library dir [/opt/apps/gcc/12.2.0/lib/gcc/x86_64-redhat-linux/12.2.0/../../..] ==> [/opt/apps/gcc/12.2.0/lib]
  implicit libs: [stdc++;m;gcc_s;gcc;c;gcc_s;gcc]
  implicit objs: [/lib64/crt1.o;/lib64/crti.o;/opt/apps/gcc/12.2.0/lib/gcc/x86_64-redhat-linux/12.2.0/crtbegin.o;/opt/apps/gcc/12.2.0/lib/gcc/x86_64-redhat-linux/12.2.0/crtend.o;/lib64/crtn.o]
  implicit dirs: [/opt/apps/gcc/12.2.0/lib/gcc/x86_64-redhat-linux/12.2.0;/opt/apps/gcc/12.2.0/lib64;/lib64;/usr/lib64;/opt/apps/gcc/12.2.0/lib]
  implicit fwks: []


Detecting C compiler ABI info compiled with the following output:
Change Dir: /work/chuanqiu/2Dsystem/my_NewMark/2Dsystem/src/2Djacobi_gmshVtk/yamlbuild/CMakeFiles/CMakeTmp

Run Build Command(s):/usr/bin/gmake -f Makefile cmTC_1dfec/fast && /usr/bin/gmake  -f CMakeFiles/cmTC_1dfec.dir/build.make CMakeFiles/cmTC_1dfec.dir/build
gmake[1]: Entering directory '/work/chuanqiu/2Dsystem/my_NewMark/2Dsystem/src/2Djacobi_gmshVtk/yamlbuild/CMakeFiles/CMakeTmp'
Building C object CMakeFiles/cmTC_1dfec.dir/CMakeCCompilerABI.c.o
/opt/apps/gcc/12.2.0/bin/gcc   -v -o CMakeFiles/cmTC_1dfec.dir/CMakeCCompilerABI.c.o -c /opt/apps/cmake/3.23.2/share/cmake-3.23/Modules/CMakeCCompilerABI.c
Using built-in specs.
COLLECT_GCC=/opt/apps/gcc/12.2.0/bin/gcc
OFFLOAD_TARGET_NAMES=nvptx-none
OFFLOAD_TARGET_DEFAULT=1
Target: x86_64-redhat-linux
Configured with: ./configure --prefix=/opt/apps/gcc/12.2.0 --with-pkgversion=20230523 --enable-bootstrap --enable-shared --enable-threads=posix --enable-checking=release --with-system-zlib --disable-multilib --enable-languages=c,c++,fortran,lto --enable-plugin --with-linker-hash-style=gnu --disable-libunwind-exceptions --enable-gnu-unique-object --enable-__cxa_atexit --enable-initfini-array --disable-libgcj --enable-linker-build-id --enable-gnu-indirect-function --enable-cet --disable-libmpx --with-isl --with-tune=generic --with-arch_32=x86-64 --build=x86_64-redhat-linux --enable-offload-targets=nvptx-none --enable-libssp --enable-gold=default --enable-ld=yes --enable-libstdcxx-backtrace --with-libstdcxx-zoneinfo=/usr/share/zoneinfo --without-cuda-driver --enable-offload-defaulted
Thread model: posix
Supported LTO compression algorithms: zlib zstd
gcc version 12.2.0 (20230523) 
COLLECT_GCC_OPTIONS='-v' '-o' 'CMakeFiles/cmTC_1dfec.dir/CMakeCCompilerABI.c.o' '-c' '-mtune=generic' '-march=x86-64' '-dumpdir' 'CMakeFiles/cmTC_1dfec.dir/'
 /opt/apps/gcc/12.2.0/libexec/gcc/x86_64-redhat-linux/12.2.0/cc1 -quiet -v /opt/apps/cmake/3.23.2/share/cmake-3.23/Modules/CMakeCCompilerABI.c -quiet -dumpdir CMakeFiles/cmTC_1dfec.dir/ -dumpbase CMakeCCompilerABI.c.c -dumpbase-ext .c -mtune=generic -march=x86-64 -version -o /tmp/cc4ka4vg.s
GNU C17 (20230523) version 12.2.0 (x86_64-redhat-linux)
	compiled by GNU C version 12.2.0, GMP version 6.2.1, MPFR version 4.1.0, MPC version 1.2.1, isl version isl-0.24-GMP

GGC heuristics: --param ggc-min-expand=100 --param ggc-min-heapsize=131072
ignoring nonexistent directory "/opt/apps/gcc/12.2.0/lib/gcc/x86_64-redhat-linux/12.2.0/../../../../x86_64-redhat-linux/include"
ignoring nonexistent directory "include"
ignoring duplicate directory "/opt/apps/gcc/12.2.0/include"
  as it is a non-system directory that duplicates a system directory
#include "..." search starts here:
#include <...> search starts here:
 /opt/apps/hwloc/2.9.1/include
 /opt/apps/gcc/12.2.0/lib/gcc/x86_64-redhat-linux/12.2.0/include
 /usr/local/include
 /opt/apps/gcc/12.2.0/include
 /opt/apps/gcc/12.2.0/lib/gcc/x86_64-redhat-linux/12.2.0/include-fixed
 /usr/include
End of search list.
GNU C17 (20230523) version 12.2.0 (x86_64-redhat-linux)
	compiled by GNU C version 12.2.0, GMP version 6.2.1, MPFR version 4.1.0, MPC version 1.2.1, isl version isl-0.24-GMP

GGC heuristics: --param ggc-min-expand=100 --param ggc-min-heapsize=131072
Compiler executable checksum: eb8829c5dcfce2fc31a4503e9553bc79
COLLECT_GCC_OPTIONS='-v' '-o' 'CMakeFiles/cmTC_1dfec.dir/CMakeCCompilerABI.c.o' '-c' '-mtune=generic' '-march=x86-64' '-dumpdir' 'CMakeFiles/cmTC_1dfec.dir/'
 as -v --64 -o CMakeFiles/cmTC_1dfec.dir/CMakeCCompilerABI.c.o /tmp/cc4ka4vg.s
GNU assembler version 2.40 (x86_64-pc-linux-gnu) using BFD version (GNU Binutils) 2.40
COMPILER_PATH=/opt/apps/gcc/12.2.0/libexec/gcc/x86_64-redhat-linux/12.2.0/:/opt/apps/gcc/12.2.0/libexec/gcc/x86_64-redhat-linux/12.2.0/:/opt/apps/gcc/12.2.0/libexec/gcc/x86_64-redhat-linux/:/opt/apps/gcc/12.2.0/lib/gcc/x86_64-redhat-linux/12.2.0/:/opt/apps/gcc/12.2.0/lib/gcc/x86_64-redhat-linux/
LIBRARY_PATH=/opt/apps/gcc/12.2.0/lib/gcc/x86_64-redhat-linux/12.2.0/:/opt/apps/gcc/12.2.0/lib/gcc/x86_64-redhat-linux/12.2.0/../../../../lib64/:/lib/../lib64/:/usr/lib/../lib64/:/opt/apps/gcc/12.2.0/lib/gcc/x86_64-redhat-linux/12.2.0/../../../:/lib/:/usr/lib/
COLLECT_GCC_OPTIONS='-v' '-o' 'CMakeFiles/cmTC_1dfec.dir/CMakeCCompilerABI.c.o' '-c' '-mtune=generic' '-march=x86-64' '-dumpdir' 'CMakeFiles/cmTC_1dfec.dir/CMakeCCompilerABI.c.'
Linking C executable cmTC_1dfec
/opt/apps/cmake/3.23.2/bin/cmake -E cmake_link_script CMakeFiles/cmTC_1dfec.dir/link.txt --verbose=1
/opt/apps/gcc/12.2.0/bin/gcc  -v CMakeFiles/cmTC_1dfec.dir/CMakeCCompilerABI.c.o -o cmTC_1dfec 
Using built-in specs.
COLLECT_GCC=/opt/apps/gcc/12.2.0/bin/gcc
COLLECT_LTO_WRAPPER=/opt/apps/gcc/12.2.0/libexec/gcc/x86_64-redhat-linux/12.2.0/lto-wrapper
OFFLOAD_TARGET_NAMES=nvptx-none
OFFLOAD_TARGET_DEFAULT=1
Target: x86_64-redhat-linux
Configured with: ./configure --prefix=/opt/apps/gcc/12.2.0 --with-pkgversion=20230523 --enable-bootstrap --enable-shared --enable-threads=posix --enable-checking=release --with-system-zlib --disable-multilib --enable-languages=c,c++,fortran,lto --enable-plugin --with-linker-hash-style=gnu --disable-libunwind-exceptions --enable-gnu-unique-object --enable-__cxa_atexit --enable-initfini-array --disable-libgcj --enable-linker-build-id --enable-gnu-indirect-function --enable-cet --disable-libmpx --with-isl --with-tune=generic --with-arch_32=x86-64 --build=x86_64-redhat-linux --enable-offload-targets=nvptx-none --enable-libssp --enable-gold=default --enable-ld=yes --enable-libstdcxx-backtrace --with-libstdcxx-zoneinfo=/usr/share/zoneinfo --without-cuda-driver --enable-offload-defaulted
Thread model: posix
Supported LTO compression algorithms: zlib zstd
gcc version 12.2.0 (20230523) 
COMPILER_PATH=/opt/apps/gcc/12.2.0/libexec/gcc/x86_64-redhat-linux/12.2.0/:/opt/apps/gcc/12.2.0/libexec/gcc/x86_64-redhat-linux/12.2.0/:/opt/apps/gcc/12.2.0/libexec/gcc/x86_64-redhat-linux/:/opt/apps/gcc/12.2.0/lib/gcc/x86_64-redhat-linux/12.2.0/:/opt/apps/gcc/12.2.0/lib/gcc/x86_64-redhat-linux/
LIBRARY_PATH=/opt/apps/gcc/12.2.0/lib/gcc/x86_64-redhat-linux/12.2.0/:/opt/apps/gcc/12.2.0/lib/gcc/x86_64-redhat-linux/12.2.0/../../../../lib64/:/lib/../lib64/:/usr/lib/../lib64/:/opt/apps/gcc/12.2.0/lib/gcc/x86_64-redhat-linux/12.2.0/../../../:/lib/:/usr/lib/
COLLECT_GCC_OPTIONS='-v' '-o' 'cmTC_1dfec' '-mtune=generic' '-march=x86-64' '-dumpdir' 'cmTC_1dfec.'
 /opt/apps/gcc/12.2.0/libexec/gcc/x86_64-redhat-linux/12.2.0/collect2 -plugin /opt/apps/gcc/12.2.0/libexec/gcc/x86_64-redhat-linux/12.2.0/liblto_plugin.so -plugin-opt=/opt/apps/gcc/12.2.0/libexec/gcc/x86_64-redhat-linux/12.2.0/lto-wrapper -plugin-opt=-fresolution=/tmp/cc5ZTLVE.res -plugin-opt=-pass-through=-lgcc -plugin-opt=-pass-through=-lgcc_s -plugin-opt=-pass-through=-lc -plugin-opt=-pass-through=-lgcc -plugin-opt=-pass-through=-lgcc_s --build-id --eh-frame-hdr --hash-style=gnu -m elf_x86_64 -dynamic-linker /lib64/ld-linux-x86-64.so.2 -o cmTC_1dfec /lib/../lib64/crt1.o /lib/../lib64/crti.o /opt/apps/gcc/12.2.0/lib/gcc/x86_64-redhat-linux/12.2.0/crtbegin.o -L/opt/apps/gcc/12.2.0/lib/gcc/x86_64-redhat-linux/12.2.0 -L/opt/apps/gcc/12.2.0/lib/gcc/x86_64-redhat-linux/12.2.0/../../../../lib64 -L/lib/../lib64 -L/usr/lib/../lib64 -L/opt/apps/gcc/12.2.0/lib/gcc/x86_64-redhat-linux/12.2.0/../../.. CMakeFiles/cmTC_1dfec.dir/CMakeCCompilerABI.c.o -lgcc --push-state --as-needed -lgcc_s --pop-state -lc -lgcc --push-state --as-needed -lgcc_s --pop-state /opt/apps/gcc/12.2.0/lib/gcc/x86_64-redhat-linux/12.2.0/crtend.o /lib/../lib64/crtn.o
COLLECT_GCC_OPTIONS='-v' '-o' 'cmTC_1dfec' '-mtune=generic' '-march=x86-64' '-dumpdir' 'cmTC_1dfec.'
gmake[1]: Leaving directory '/work/chuanqiu/2Dsystem/my_NewMark/2Dsystem/src/2Djacobi_gmshVtk/yamlbuild/CMakeFiles/CMakeTmp'



Parsed C implicit include dir info from above output: rv=done
  found start of include info
  found start of implicit include info
    add: [/opt/apps/hwloc/2.9.1/include]
    add: [/opt/apps/gcc/12.2.0/lib/gcc/x86_64-redhat-linux/12.2.0/include]
    add: [/usr/local/include]
    add: [/opt/apps/gcc/12.2.0/include]
    add: [/opt/apps/gcc/12.2.0/lib/gcc/x86_64-redhat-linux/12.2.0/include-fixed]
    add: [/usr/include]
  end of search list found
  collapse include dir [/opt/apps/hwloc/2.9.1/include] ==> [/opt/apps/hwloc/2.9.1/include]
  collapse include dir [/opt/apps/gcc/12.2.0/lib/gcc/x86_64-redhat-linux/12.2.0/include] ==> [/opt/apps/gcc/12.2.0/lib/gcc/x86_64-redhat-linux/12.2.0/include]
  collapse include dir [/usr/local/include] ==> [/usr/local/include]
  collapse include dir [/opt/apps/gcc/12.2.0/include] ==> [/opt/apps/gcc/12.2.0/include]
  collapse include dir [/opt/apps/gcc/12.2.0/lib/gcc/x86_64-redhat-linux/12.2.0/include-fixed] ==> [/opt/apps/gcc/12.2.0/lib/gcc/x86_64-redhat-linux/12.2.0/include-fixed]
  collapse include dir [/usr/include] ==> [/usr/include]
  implicit include dirs: [/opt/apps/hwloc/2.9.1/include;/opt/apps/gcc/12.2.0/lib/gcc/x86_64-redhat-linux/12.2.0/include;/usr/local/include;/opt/apps/gcc/12.2.0/include;/opt/apps/gcc/12.2.0/lib/gcc/x86_64-redhat-linux/12.2.0/include-fixed;/usr/include]


Parsed C implicit link information from above output:
  link line regex: [^( *|.*[/\])(ld|CMAKE_LINK_STARTFILE-NOTFOUND|([^/\]+-)?ld|collect2)[^/\]*( |$)]
  ignore line: [Change Dir: /work/chuanqiu/2Dsystem/my_NewMark/2Dsystem/src/2Djacobi_gmshVtk/yamlbuild/CMakeFiles/CMakeTmp]
  ignore line: []
  ignore line: [Run Build Command(s):/usr/bin/gmake -f Makefile cmTC_1dfec/fast && /usr/bin/gmake  -f CMakeFiles/cmTC_1dfec.dir/build.make CMakeFiles/cmTC_1dfec.dir/build]
  ignore line: [gmake[1]: Entering directory '/work/chuanqiu/2Dsystem/my_NewMark/2Dsystem/src/2Djacobi_gmshVtk/yamlbuild/CMakeFiles/CMakeTmp']
  ignore line: [Building C object CMakeFiles/cmTC_1dfec.dir/CMakeCCompilerABI.c.o]
  ignore line: [/opt/apps/gcc/12.2.0/bin/gcc   -v -o CMakeFiles/cmTC_1dfec.dir/CMakeCCompilerABI.c.o -c /opt/apps/cmake/3.23.2/share/cmake-3.23/Modules/CMakeCCompilerABI.c]
  ignore line: [Using built-in specs.]
  ignore line: [COLLECT_GCC=/opt/apps/gcc/12.2.0/bin/gcc]
  ignore line: [OFFLOAD_TARGET_NAMES=nvptx-none]
  ignore line: [OFFLOAD_TARGET_DEFAULT=1]
  ignore line: [Target: x86_64-redhat-linux]
  ignore line: [Configured with: ./configure --prefix=/opt/apps/gcc/12.2.0 --with-pkgversion=20230523 --enable-bootstrap --enable-shared --enable-threads=posix --enable-checking=release --with-system-zlib --disable-multilib --enable-languages=c,c++,fortran,lto --enable-plugin --with-linker-hash-style=gnu --disable-libunwind-exceptions --enable-gnu-unique-object --enable-__cxa_atexit --enable-initfini-array --disable-libgcj --enable-linker-build-id --enable-gnu-indirect-function --enable-cet --disable-libmpx --with-isl --with-tune=generic --with-arch_32=x86-64 --build=x86_64-redhat-linux --enable-offload-targets=nvptx-none --enable-libssp --enable-gold=default --enable-ld=yes --enable-libstdcxx-backtrace --with-libstdcxx-zoneinfo=/usr/share/zoneinfo --without-cuda-driver --enable-offload-defaulted]
  ignore line: [Thread model: posix]
  ignore line: [Supported LTO compression algorithms: zlib zstd]
  ignore line: [gcc version 12.2.0 (20230523) ]
  ignore line: [COLLECT_GCC_OPTIONS='-v' '-o' 'CMakeFiles/cmTC_1dfec.dir/CMakeCCompilerABI.c.o' '-c' '-mtune=generic' '-march=x86-64' '-dumpdir' 'CMakeFiles/cmTC_1dfec.dir/']
  ignore line: [ /opt/apps/gcc/12.2.0/libexec/gcc/x86_64-redhat-linux/12.2.0/cc1 -quiet -v /opt/apps/cmake/3.23.2/share/cmake-3.23/Modules/CMakeCCompilerABI.c -quiet -dumpdir CMakeFiles/cmTC_1dfec.dir/ -dumpbase CMakeCCompilerABI.c.c -dumpbase-ext .c -mtune=generic -march=x86-64 -version -o /tmp/cc4ka4vg.s]
  ignore line: [GNU C17 (20230523) version 12.2.0 (x86_64-redhat-linux)]
  ignore line: [	compiled by GNU C version 12.2.0  GMP version 6.2.1  MPFR version 4.1.0  MPC version 1.2.1  isl version isl-0.24-GMP]
  ignore line: []
  ignore line: [GGC heuristics: --param ggc-min-expand=100 --param ggc-min-heapsize=131072]
  ignore line: [ignoring nonexistent directory "/opt/apps/gcc/12.2.0/lib/gcc/x86_64-redhat-linux/12.2.0/../../../../x86_64-redhat-linux/include"]
  ignore line: [ignoring nonexistent directory "include"]
  ignore line: [ignoring duplicate directory "/opt/apps/gcc/12.2.0/include"]
  ignore line: [  as it is a non-system directory that duplicates a system directory]
  ignore line: [#include "..." search starts here:]
  ignore line: [#include <...> search starts here:]
  ignore line: [ /opt/apps/hwloc/2.9.1/include]
  ignore line: [ /opt/apps/gcc/12.2.0/lib/gcc/x86_64-redhat-linux/12.2.0/include]
  ignore line: [ /usr/local/include]
  ignore line: [ /opt/apps/gcc/12.2.0/include]
  ignore line: [ /opt/apps/gcc/12.2.0/lib/gcc/x86_64-redhat-linux/12.2.0/include-fixed]
  ignore line: [ /usr/include]
  ignore line: [End of search list.]
  ignore line: [GNU C17 (20230523) version 12.2.0 (x86_64-redhat-linux)]
  ignore line: [	compiled by GNU C version 12.2.0  GMP version 6.2.1  MPFR version 4.1.0  MPC version 1.2.1  isl version isl-0.24-GMP]
  ignore line: []
  ignore line: [GGC heuristics: --param ggc-min-expand=100 --param ggc-min-heapsize=131072]
  ignore line: [Compiler executable checksum: eb8829c5dcfce2fc31a4503e9553bc79]
  ignore line: [COLLECT_GCC_OPTIONS='-v' '-o' 'CMakeFiles/cmTC_1dfec.dir/CMakeCCompilerABI.c.o' '-c' '-mtune=generic' '-march=x86-64' '-dumpdir' 'CMakeFiles/cmTC_1dfec.dir/']
  ignore line: [ as -v --64 -o CMakeFiles/cmTC_1dfec.dir/CMakeCCompilerABI.c.o /tmp/cc4ka4vg.s]
  ignore line: [GNU assembler version 2.40 (x86_64-pc-linux-gnu) using BFD version (GNU Binutils) 2.40]
  ignore line: [COMPILER_PATH=/opt/apps/gcc/12.2.0/libexec/gcc/x86_64-redhat-linux/12.2.0/:/opt/apps/gcc/12.2.0/libexec/gcc/x86_64-redhat-linux/12.2.0/:/opt/apps/gcc/12.2.0/libexec/gcc/x86_64-redhat-linux/:/opt/apps/gcc/12.2.0/lib/gcc/x86_64-redhat-linux/12.2.0/:/opt/apps/gcc/12.2.0/lib/gcc/x86_64-redhat-linux/]
  ignore line: [LIBRARY_PATH=/opt/apps/gcc/12.2.0/lib/gcc/x86_64-redhat-linux/12.2.0/:/opt/apps/gcc/12.2.0/lib/gcc/x86_64-redhat-linux/12.2.0/../../../../lib64/:/lib/../lib64/:/usr/lib/../lib64/:/opt/apps/gcc/12.2.0/lib/gcc/x86_64-redhat-linux/12.2.0/../../../:/lib/:/usr/lib/]
  ignore line: [COLLECT_GCC_OPTIONS='-v' '-o' 'CMakeFiles/cmTC_1dfec.dir/CMakeCCompilerABI.c.o' '-c' '-mtune=generic' '-march=x86-64' '-dumpdir' 'CMakeFiles/cmTC_1dfec.dir/CMakeCCompilerABI.c.']
  ignore line: [Linking C executable cmTC_1dfec]
  ignore line: [/opt/apps/cmake/3.23.2/bin/cmake -E cmake_link_script CMakeFiles/cmTC_1dfec.dir/link.txt --verbose=1]
  ignore line: [/opt/apps/gcc/12.2.0/bin/gcc  -v CMakeFiles/cmTC_1dfec.dir/CMakeCCompilerABI.c.o -o cmTC_1dfec ]
  ignore line: [Using built-in specs.]
  ignore line: [COLLECT_GCC=/opt/apps/gcc/12.2.0/bin/gcc]
  ignore line: [COLLECT_LTO_WRAPPER=/opt/apps/gcc/12.2.0/libexec/gcc/x86_64-redhat-linux/12.2.0/lto-wrapper]
  ignore line: [OFFLOAD_TARGET_NAMES=nvptx-none]
  ignore line: [OFFLOAD_TARGET_DEFAULT=1]
  ignore line: [Target: x86_64-redhat-linux]
  ignore line: [Configured with: ./configure --prefix=/opt/apps/gcc/12.2.0 --with-pkgversion=20230523 --enable-bootstrap --enable-shared --enable-threads=posix --enable-checking=release --with-system-zlib --disable-multilib --enable-languages=c,c++,fortran,lto --enable-plugin --with-linker-hash-style=gnu --disable-libunwind-exceptions --enable-gnu-unique-object --enable-__cxa_atexit --enable-initfini-array --disable-libgcj --enable-linker-build-id --enable-gnu-indirect-function --enable-cet --disable-libmpx --with-isl --with-tune=generic --with-arch_32=x86-64 --build=x86_64-redhat-linux --enable-offload-targets=nvptx-none --enable-libssp --enable-gold=default --enable-ld=yes --enable-libstdcxx-backtrace --with-libstdcxx-zoneinfo=/usr/share/zoneinfo --without-cuda-driver --enable-offload-defaulted]
  ignore line: [Thread model: posix]
  ignore line: [Supported LTO compression algorithms: zlib zstd]
  ignore line: [gcc version 12.2.0 (20230523) ]
  ignore line: [COMPILER_PATH=/opt/apps/gcc/12.2.0/libexec/gcc/x86_64-redhat-linux/12.2.0/:/opt/apps/gcc/12.2.0/libexec/gcc/x86_64-redhat-linux/12.2.0/:/opt/apps/gcc/12.2.0/libexec/gcc/x86_64-redhat-linux/:/opt/apps/gcc/12.2.0/lib/gcc/x86_64-redhat-linux/12.2.0/:/opt/apps/gcc/12.2.0/lib/gcc/x86_64-redhat-linux/]
  ignore line: [LIBRARY_PATH=/opt/apps/gcc/12.2.0/lib/gcc/x86_64-redhat-linux/12.2.0/:/opt/apps/gcc/12.2.0/lib/gcc/x86_64-redhat-linux/12.2.0/../../../../lib64/:/lib/../lib64/:/usr/lib/../lib64/:/opt/apps/gcc/12.2.0/lib/gcc/x86_64-redhat-linux/12.2.0/../../../:/lib/:/usr/lib/]
  ignore line: [COLLECT_GCC_OPTIONS='-v' '-o' 'cmTC_1dfec' '-mtune=generic' '-march=x86-64' '-dumpdir' 'cmTC_1dfec.']
  link line: [ /opt/apps/gcc/12.2.0/libexec/gcc/x86_64-redhat-linux/12.2.0/collect2 -plugin /opt/apps/gcc/12.2.0/libexec/gcc/x86_64-redhat-linux/12.2.0/liblto_plugin.so -plugin-opt=/opt/apps/gcc/12.2.0/libexec/gcc/x86_64-redhat-linux/12.2.0/lto-wrapper -plugin-opt=-fresolution=/tmp/cc5ZTLVE.res -plugin-opt=-pass-through=-lgcc -plugin-opt=-pass-through=-lgcc_s -plugin-opt=-pass-through=-lc -plugin-opt=-pass-through=-lgcc -plugin-opt=-pass-through=-lgcc_s --build-id --eh-frame-hdr --hash-style=gnu -m elf_x86_64 -dynamic-linker /lib64/ld-linux-x86-64.so.2 -o cmTC_1dfec /lib/../lib64/crt1.o /lib/../lib64/crti.o /opt/apps/gcc/12.2.0/lib/gcc/x86_64-redhat-linux/12.2.0/crtbegin.o -L/opt/apps/gcc/12.2.0/lib/gcc/x86_64-redhat-linux/12.2.0 -L/opt/apps/gcc/12.2.0/lib/gcc/x86_64-redhat-linux/12.2.0/../../../../lib64 -L/lib/../lib64 -L/usr/lib/../lib64 -L/opt/apps/gcc/12.2.0/lib/gcc/x86_64-redhat-linux/12.2.0/../../.. CMakeFiles/cmTC_1dfec.dir/CMakeCCompilerABI.c.o -lgcc --push-state --as-needed -lgcc_s --pop-state -lc -lgcc --push-state --as-needed -lgcc_s --pop-state /opt/apps/gcc/12.2.0/lib/gcc/x86_64-redhat-linux/12.2.0/crtend.o /lib/../lib64/crtn.o]
    arg [/opt/apps/gcc/12.2.0/libexec/gcc/x86_64-redhat-linux/12.2.0/collect2] ==> ignore
    arg [-plugin] ==> ignore
    arg [/opt/apps/gcc/12.2.0/libexec/gcc/x86_64-redhat-linux/12.2.0/liblto_plugin.so] ==> ignore
    arg [-plugin-opt=/opt/apps/gcc/12.2.0/libexec/gcc/x86_64-redhat-linux/12.2.0/lto-wrapper] ==> ignore
    arg [-plugin-opt=-fresolution=/tmp/cc5ZTLVE.res] ==> ignore
    arg [-plugin-opt=-pass-through=-lgcc] ==> ignore
    arg [-plugin-opt=-pass-through=-lgcc_s] ==> ignore
    arg [-plugin-opt=-pass-through=-lc] ==> ignore
    arg [-plugin-opt=-pass-through=-lgcc] ==> ignore
    arg [-plugin-opt=-pass-through=-lgcc_s] ==> ignore
    arg [--build-id] ==> ignore
    arg [--eh-frame-hdr] ==> ignore
    arg [--hash-style=gnu] ==> ignore
    arg [-m] ==> ignore
    arg [elf_x86_64] ==> ignore
    arg [-dynamic-linker] ==> ignore
    arg [/lib64/ld-linux-x86-64.so.2] ==> ignore
    arg [-o] ==> ignore
    arg [cmTC_1dfec] ==> ignore
    arg [/lib/../lib64/crt1.o] ==> obj [/lib/../lib64/crt1.o]
    arg [/lib/../lib64/crti.o] ==> obj [/lib/../lib64/crti.o]
    arg [/opt/apps/gcc/12.2.0/lib/gcc/x86_64-redhat-linux/12.2.0/crtbegin.o] ==> obj [/opt/apps/gcc/12.2.0/lib/gcc/x86_64-redhat-linux/12.2.0/crtbegin.o]
    arg [-L/opt/apps/gcc/12.2.0/lib/gcc/x86_64-redhat-linux/12.2.0] ==> dir [/opt/apps/gcc/12.2.0/lib/gcc/x86_64-redhat-linux/12.2.0]
    arg [-L/opt/apps/gcc/12.2.0/lib/gcc/x86_64-redhat-linux/12.2.0/../../../../lib64] ==> dir [/opt/apps/gcc/12.2.0/lib/gcc/x86_64-redhat-linux/12.2.0/../../../../lib64]
    arg [-L/lib/../lib64] ==> dir [/lib/../lib64]
    arg [-L/usr/lib/../lib64] ==> dir [/usr/lib/../lib64]
    arg [-L/opt/apps/gcc/12.2.0/lib/gcc/x86_64-redhat-linux/12.2.0/../../..] ==> dir [/opt/apps/gcc/12.2.0/lib/gcc/x86_64-redhat-linux/12.2.0/../../..]
    arg [CMakeFiles/cmTC_1dfec.dir/CMakeCCompilerABI.c.o] ==> ignore
    arg [-lgcc] ==> lib [gcc]
    arg [--push-state] ==> ignore
    arg [--as-needed] ==> ignore
    arg [-lgcc_s] ==> lib [gcc_s]
    arg [--pop-state] ==> ignore
    arg [-lc] ==> lib [c]
    arg [-lgcc] ==> lib [gcc]
    arg [--push-state] ==> ignore
    arg [--as-needed] ==> ignore
    arg [-lgcc_s] ==> lib [gcc_s]
    arg [--pop-state] ==> ignore
    arg [/opt/apps/gcc/12.2.0/lib/gcc/x86_64-redhat-linux/12.2.0/crtend.o] ==> obj [/opt/apps/gcc/12.2.0/lib/gcc/x86_64-redhat-linux/12.2.0/crtend.o]
    arg [/lib/../lib64/crtn.o] ==> obj [/lib/../lib64/crtn.o]
  collapse obj [/lib/../lib64/crt1.o] ==> [/lib64/crt1.o]
  collapse obj [/lib/../lib64/crti.o] ==> [/lib64/crti.o]
  collapse obj [/lib/../lib64/crtn.o] ==> [/lib64/crtn.o]
  collapse library dir [/opt/apps/gcc/12.2.0/lib/gcc/x86_64-redhat-linux/12.2.0] ==> [/opt/apps/gcc/12.2.0/lib/gcc/x86_64-redhat-linux/12.2.0]
  collapse library dir [/opt/apps/gcc/12.2.0/lib/gcc/x86_64-redhat-linux/12.2.0/../../../../lib64] ==> [/opt/apps/gcc/12.2.0/lib64]
  collapse library dir [/lib/../lib64] ==> [/lib64]
  collapse library dir [/usr/lib/../lib64] ==> [/usr/lib64]
  collapse library dir [/opt/apps/gcc/12.2.0/lib/gcc/x86_64-redhat-linux/12.2.0/../../..] ==> [/opt/apps/gcc/12.2.0/lib]
  implicit libs: [gcc;gcc_s;c;gcc;gcc_s]
  implicit objs: [/lib64/crt1.o;/lib64/crti.o;/opt/apps/gcc/12.2.0/lib/gcc/x86_64-redhat-linux/12.2.0/crtbegin.o;/opt/apps/gcc/12.2.0/lib/gcc/x86_64-redhat-linux/12.2.0/crtend.o;/lib64/crtn.o]
  implicit dirs: [/opt/apps/gcc/12.2.0/lib/gcc/x86_64-redhat-linux/12.2.0;/opt/apps/gcc/12.2.0/lib64;/lib64;/usr/lib64;/opt/apps/gcc/12.2.0/lib]
  implicit fwks: []


Determining if the include file pthread.h exists passed with the following output:
Change Dir: /work/chuanqiu/2Dsystem/my_NewMark/2Dsystem/src/2Djacobi_gmshVtk/yamlbuild/CMakeFiles/CMakeTmp

Run Build Command(s):/usr/bin/gmake -f Makefile cmTC_21b36/fast && /usr/bin/gmake  -f CMakeFiles/cmTC_21b36.dir/build.make CMakeFiles/cmTC_21b36.dir/build
gmake[1]: Entering directory '/work/chuanqiu/2Dsystem/my_NewMark/2Dsystem/src/2Djacobi_gmshVtk/yamlbuild/CMakeFiles/CMakeTmp'
Building C object CMakeFiles/cmTC_21b36.dir/CheckIncludeFile.c.o
/opt/apps/gcc/12.2.0/bin/gcc    -o CMakeFiles/cmTC_21b36.dir/CheckIncludeFile.c.o -c /work/chuanqiu/2Dsystem/my_NewMark/2Dsystem/src/2Djacobi_gmshVtk/yamlbuild/CMakeFiles/CMakeTmp/CheckIncludeFile.c
Linking C executable cmTC_21b36
/opt/apps/cmake/3.23.2/bin/cmake -E cmake_link_script CMakeFiles/cmTC_21b36.dir/link.txt --verbose=1
/opt/apps/gcc/12.2.0/bin/gcc CMakeFiles/cmTC_21b36.dir/CheckIncludeFile.c.o -o cmTC_21b36 
gmake[1]: Leaving directory '/work/chuanqiu/2Dsystem/my_NewMark/2Dsystem/src/2Djacobi_gmshVtk/yamlbuild/CMakeFiles/CMakeTmp'



Determining if the function pthread_create exists in the pthread passed with the following output:
Change Dir: /work/chuanqiu/2Dsystem/my_NewMark/2Dsystem/src/2Djacobi_gmshVtk/yamlbuild/CMakeFiles/CMakeTmp

Run Build Command(s):/usr/bin/gmake -f Makefile cmTC_28f32/fast && /usr/bin/gmake  -f CMakeFiles/cmTC_28f32.dir/build.make CMakeFiles/cmTC_28f32.dir/build
gmake[1]: Entering directory '/work/chuanqiu/2Dsystem/my_NewMark/2Dsystem/src/2Djacobi_gmshVtk/yamlbuild/CMakeFiles/CMakeTmp'
Building C object CMakeFiles/cmTC_28f32.dir/CheckFunctionExists.c.o
/opt/apps/gcc/12.2.0/bin/gcc   -DCHECK_FUNCTION_EXISTS=pthread_create -o CMakeFiles/cmTC_28f32.dir/CheckFunctionExists.c.o -c /opt/apps/cmake/3.23.2/share/cmake-3.23/Modules/CheckFunctionExists.c
Linking C executable cmTC_28f32
/opt/apps/cmake/3.23.2/bin/cmake -E cmake_link_script CMakeFiles/cmTC_28f32.dir/link.txt --verbose=1
/opt/apps/gcc/12.2.0/bin/gcc  -DCHECK_FUNCTION_EXISTS=pthread_create CMakeFiles/cmTC_28f32.dir/CheckFunctionExists.c.o -o cmTC_28f32  -lpthread 
gmake[1]: Leaving directory '/work/chuanqiu/2Dsystem/my_NewMark/2Dsystem/src/2Djacobi_gmshVtk/yamlbuild/CMakeFiles/CMakeTmp'



Determining if the function sgemm_ exists passed with the following output:
Change Dir: /work/chuanqiu/2Dsystem/my_NewMark/2Dsystem/src/2Djacobi_gmshVtk/yamlbuild/CMakeFiles/CMakeTmp

Run Build Command(s):/usr/bin/gmake -f Makefile cmTC_ffdc0/fast && /usr/bin/gmake  -f CMakeFiles/cmTC_ffdc0.dir/build.make CMakeFiles/cmTC_ffdc0.dir/build
gmake[1]: Entering directory '/work/chuanqiu/2Dsystem/my_NewMark/2Dsystem/src/2Djacobi_gmshVtk/yamlbuild/CMakeFiles/CMakeTmp'
Building C object CMakeFiles/cmTC_ffdc0.dir/CheckFunctionExists.c.o
/opt/apps/gcc/12.2.0/bin/gcc   -DCHECK_FUNCTION_EXISTS=sgemm_ -o CMakeFiles/cmTC_ffdc0.dir/CheckFunctionExists.c.o -c /opt/apps/cmake/3.23.2/share/cmake-3.23/Modules/CheckFunctionExists.c
Linking C executable cmTC_ffdc0
/opt/apps/cmake/3.23.2/bin/cmake -E cmake_link_script CMakeFiles/cmTC_ffdc0.dir/link.txt --verbose=1
/opt/apps/gcc/12.2.0/bin/gcc  -DCHECK_FUNCTION_EXISTS=sgemm_ CMakeFiles/cmTC_ffdc0.dir/CheckFunctionExists.c.o -o cmTC_ffdc0  /usr/lib64/libopenblas.so 
gmake[1]: Leaving directory '/work/chuanqiu/2Dsystem/my_NewMark/2Dsystem/src/2Djacobi_gmshVtk/yamlbuild/CMakeFiles/CMakeTmp'



Determining if the function cheev_ exists passed with the following output:
Change Dir: /work/chuanqiu/2Dsystem/my_NewMark/2Dsystem/src/2Djacobi_gmshVtk/yamlbuild/CMakeFiles/CMakeTmp

Run Build Command(s):/usr/bin/gmake -f Makefile cmTC_6888a/fast && /usr/bin/gmake  -f CMakeFiles/cmTC_6888a.dir/build.make CMakeFiles/cmTC_6888a.dir/build
gmake[1]: Entering directory '/work/chuanqiu/2Dsystem/my_NewMark/2Dsystem/src/2Djacobi_gmshVtk/yamlbuild/CMakeFiles/CMakeTmp'
Building C object CMakeFiles/cmTC_6888a.dir/CheckFunctionExists.c.o
/opt/apps/gcc/12.2.0/bin/gcc   -DCHECK_FUNCTION_EXISTS=cheev_ -o CMakeFiles/cmTC_6888a.dir/CheckFunctionExists.c.o -c /opt/apps/cmake/3.23.2/share/cmake-3.23/Modules/CheckFunctionExists.c
Linking C executable cmTC_6888a
/opt/apps/cmake/3.23.2/bin/cmake -E cmake_link_script CMakeFiles/cmTC_6888a.dir/link.txt --verbose=1
/opt/apps/gcc/12.2.0/bin/gcc  -DCHECK_FUNCTION_EXISTS=cheev_ CMakeFiles/cmTC_6888a.dir/CheckFunctionExists.c.o -o cmTC_6888a  /usr/lib64/libopenblas.so -lpthread -lm -ldl 
gmake[1]: Leaving directory '/work/chuanqiu/2Dsystem/my_NewMark/2Dsystem/src/2Djacobi_gmshVtk/yamlbuild/CMakeFiles/CMakeTmp'



