Determining if the function sgemm_ exists failed with the following output:
Change Dir: /work/chuanqiu/2Dsystem/my_NewMark/2Dsystem/src/2Djacobi_gmshVtk/yamlbuild/CMakeFiles/CMakeTmp

Run Build Command(s):/usr/bin/gmake -f Makefile cmTC_467cc/fast && /usr/bin/gmake  -f CMakeFiles/cmTC_467cc.dir/build.make CMakeFiles/cmTC_467cc.dir/build
gmake[1]: Entering directory '/work/chuanqiu/2Dsystem/my_NewMark/2Dsystem/src/2Djacobi_gmshVtk/yamlbuild/CMakeFiles/CMakeTmp'
Building C object CMakeFiles/cmTC_467cc.dir/CheckFunctionExists.c.o
/opt/apps/gcc/12.2.0/bin/gcc   -DCHECK_FUNCTION_EXISTS=sgemm_ -o CMakeFiles/cmTC_467cc.dir/CheckFunctionExists.c.o -c /opt/apps/cmake/3.23.2/share/cmake-3.23/Modules/CheckFunctionExists.c
Linking C executable cmTC_467cc
/opt/apps/cmake/3.23.2/bin/cmake -E cmake_link_script CMakeFiles/cmTC_467cc.dir/link.txt --verbose=1
/opt/apps/gcc/12.2.0/bin/gcc  -DCHECK_FUNCTION_EXISTS=sgemm_ CMakeFiles/cmTC_467cc.dir/CheckFunctionExists.c.o -o cmTC_467cc 
CMakeFiles/cmTC_467cc.dir/CheckFunctionExists.c.o:CheckFunctionExists.c:function main: error: undefined reference to 'sgemm_'
collect2: error: ld returned 1 exit status
gmake[1]: *** [CMakeFiles/cmTC_467cc.dir/build.make:99: cmTC_467cc] Error 1
gmake[1]: Leaving directory '/work/chuanqiu/2Dsystem/my_NewMark/2Dsystem/src/2Djacobi_gmshVtk/yamlbuild/CMakeFiles/CMakeTmp'
gmake: *** [Makefile:127: cmTC_467cc/fast] Error 2



Performing C SOURCE FILE Test CMAKE_HAVE_LIBC_PTHREAD failed with the following output:
Change Dir: /work/chuanqiu/2Dsystem/my_NewMark/2Dsystem/src/2Djacobi_gmshVtk/yamlbuild/CMakeFiles/CMakeTmp

Run Build Command(s):/usr/bin/gmake -f Makefile cmTC_0dc06/fast && /usr/bin/gmake  -f CMakeFiles/cmTC_0dc06.dir/build.make CMakeFiles/cmTC_0dc06.dir/build
gmake[1]: Entering directory '/work/chuanqiu/2Dsystem/my_NewMark/2Dsystem/src/2Djacobi_gmshVtk/yamlbuild/CMakeFiles/CMakeTmp'
Building C object CMakeFiles/cmTC_0dc06.dir/src.c.o
/opt/apps/gcc/12.2.0/bin/gcc -DCMAKE_HAVE_LIBC_PTHREAD   -o CMakeFiles/cmTC_0dc06.dir/src.c.o -c /work/chuanqiu/2Dsystem/my_NewMark/2Dsystem/src/2Djacobi_gmshVtk/yamlbuild/CMakeFiles/CMakeTmp/src.c
Linking C executable cmTC_0dc06
/opt/apps/cmake/3.23.2/bin/cmake -E cmake_link_script CMakeFiles/cmTC_0dc06.dir/link.txt --verbose=1
/opt/apps/gcc/12.2.0/bin/gcc CMakeFiles/cmTC_0dc06.dir/src.c.o -o cmTC_0dc06 
CMakeFiles/cmTC_0dc06.dir/src.c.o:src.c:function main: error: undefined reference to 'pthread_create'
CMakeFiles/cmTC_0dc06.dir/src.c.o:src.c:function main: error: undefined reference to 'pthread_detach'
CMakeFiles/cmTC_0dc06.dir/src.c.o:src.c:function main: error: undefined reference to 'pthread_cancel'
CMakeFiles/cmTC_0dc06.dir/src.c.o:src.c:function main: error: undefined reference to 'pthread_join'
collect2: error: ld returned 1 exit status
gmake[1]: *** [CMakeFiles/cmTC_0dc06.dir/build.make:99: cmTC_0dc06] Error 1
gmake[1]: Leaving directory '/work/chuanqiu/2Dsystem/my_NewMark/2Dsystem/src/2Djacobi_gmshVtk/yamlbuild/CMakeFiles/CMakeTmp'
gmake: *** [Makefile:127: cmTC_0dc06/fast] Error 2


Source file was:
#include <pthread.h>

static void* test_func(void* data)
{
  return data;
}

int main(void)
{
  pthread_t thread;
  pthread_create(&thread, NULL, test_func, NULL);
  pthread_detach(thread);
  pthread_cancel(thread);
  pthread_join(thread, NULL);
  pthread_atfork(NULL, NULL, NULL);
  pthread_exit(NULL);

  return 0;
}

Determining if the function pthread_create exists in the pthreads failed with the following output:
Change Dir: /work/chuanqiu/2Dsystem/my_NewMark/2Dsystem/src/2Djacobi_gmshVtk/yamlbuild/CMakeFiles/CMakeTmp

Run Build Command(s):/usr/bin/gmake -f Makefile cmTC_99a4e/fast && /usr/bin/gmake  -f CMakeFiles/cmTC_99a4e.dir/build.make CMakeFiles/cmTC_99a4e.dir/build
gmake[1]: Entering directory '/work/chuanqiu/2Dsystem/my_NewMark/2Dsystem/src/2Djacobi_gmshVtk/yamlbuild/CMakeFiles/CMakeTmp'
Building C object CMakeFiles/cmTC_99a4e.dir/CheckFunctionExists.c.o
/opt/apps/gcc/12.2.0/bin/gcc   -DCHECK_FUNCTION_EXISTS=pthread_create -o CMakeFiles/cmTC_99a4e.dir/CheckFunctionExists.c.o -c /opt/apps/cmake/3.23.2/share/cmake-3.23/Modules/CheckFunctionExists.c
Linking C executable cmTC_99a4e
/opt/apps/cmake/3.23.2/bin/cmake -E cmake_link_script CMakeFiles/cmTC_99a4e.dir/link.txt --verbose=1
/opt/apps/gcc/12.2.0/bin/gcc  -DCHECK_FUNCTION_EXISTS=pthread_create CMakeFiles/cmTC_99a4e.dir/CheckFunctionExists.c.o -o cmTC_99a4e  -lpthreads 
/opt/apps/binutils/2.40/bin/ld: error: cannot find -lpthreads
CMakeFiles/cmTC_99a4e.dir/CheckFunctionExists.c.o:CheckFunctionExists.c:function main: error: undefined reference to 'pthread_create'
collect2: error: ld returned 1 exit status
gmake[1]: *** [CMakeFiles/cmTC_99a4e.dir/build.make:99: cmTC_99a4e] Error 1
gmake[1]: Leaving directory '/work/chuanqiu/2Dsystem/my_NewMark/2Dsystem/src/2Djacobi_gmshVtk/yamlbuild/CMakeFiles/CMakeTmp'
gmake: *** [Makefile:127: cmTC_99a4e/fast] Error 2



