Determining if the function sgemm_ exists failed with the following output:
Change Dir: /work/chuanqiu/2Dsystem/my_NewMark/2Dsystem/sourcefile/mybuild/CMakeFiles/CMakeTmp

Run Build Command(s):/usr/bin/gmake -f Makefile cmTC_68846/fast && /usr/bin/gmake  -f CMakeFiles/cmTC_68846.dir/build.make CMakeFiles/cmTC_68846.dir/build
gmake[1]: Entering directory '/work/chuanqiu/2Dsystem/my_NewMark/2Dsystem/sourcefile/mybuild/CMakeFiles/CMakeTmp'
Building C object CMakeFiles/cmTC_68846.dir/CheckFunctionExists.c.o
/opt/apps/gcc/12.2.0/bin/gcc   -DCHECK_FUNCTION_EXISTS=sgemm_ -o CMakeFiles/cmTC_68846.dir/CheckFunctionExists.c.o -c /opt/apps/cmake/3.23.2/share/cmake-3.23/Modules/CheckFunctionExists.c
Linking C executable cmTC_68846
/opt/apps/cmake/3.23.2/bin/cmake -E cmake_link_script CMakeFiles/cmTC_68846.dir/link.txt --verbose=1
/opt/apps/gcc/12.2.0/bin/gcc  -DCHECK_FUNCTION_EXISTS=sgemm_ CMakeFiles/cmTC_68846.dir/CheckFunctionExists.c.o -o cmTC_68846 
CMakeFiles/cmTC_68846.dir/CheckFunctionExists.c.o: In function `main':
CheckFunctionExists.c:(.text+0x10): undefined reference to `sgemm_'
collect2: error: ld returned 1 exit status
gmake[1]: *** [CMakeFiles/cmTC_68846.dir/build.make:99: cmTC_68846] Error 1
gmake[1]: Leaving directory '/work/chuanqiu/2Dsystem/my_NewMark/2Dsystem/sourcefile/mybuild/CMakeFiles/CMakeTmp'
gmake: *** [Makefile:127: cmTC_68846/fast] Error 2



Performing C SOURCE FILE Test CMAKE_HAVE_LIBC_PTHREAD failed with the following output:
Change Dir: /work/chuanqiu/2Dsystem/my_NewMark/2Dsystem/sourcefile/mybuild/CMakeFiles/CMakeTmp

Run Build Command(s):/usr/bin/gmake -f Makefile cmTC_11853/fast && /usr/bin/gmake  -f CMakeFiles/cmTC_11853.dir/build.make CMakeFiles/cmTC_11853.dir/build
gmake[1]: Entering directory '/work/chuanqiu/2Dsystem/my_NewMark/2Dsystem/sourcefile/mybuild/CMakeFiles/CMakeTmp'
Building C object CMakeFiles/cmTC_11853.dir/src.c.o
/opt/apps/gcc/12.2.0/bin/gcc -DCMAKE_HAVE_LIBC_PTHREAD   -o CMakeFiles/cmTC_11853.dir/src.c.o -c /work/chuanqiu/2Dsystem/my_NewMark/2Dsystem/sourcefile/mybuild/CMakeFiles/CMakeTmp/src.c
Linking C executable cmTC_11853
/opt/apps/cmake/3.23.2/bin/cmake -E cmake_link_script CMakeFiles/cmTC_11853.dir/link.txt --verbose=1
/opt/apps/gcc/12.2.0/bin/gcc CMakeFiles/cmTC_11853.dir/src.c.o -o cmTC_11853 
CMakeFiles/cmTC_11853.dir/src.c.o: In function `main':
src.c:(.text+0x2d): undefined reference to `pthread_create'
src.c:(.text+0x39): undefined reference to `pthread_detach'
src.c:(.text+0x45): undefined reference to `pthread_cancel'
src.c:(.text+0x56): undefined reference to `pthread_join'
collect2: error: ld returned 1 exit status
gmake[1]: *** [CMakeFiles/cmTC_11853.dir/build.make:99: cmTC_11853] Error 1
gmake[1]: Leaving directory '/work/chuanqiu/2Dsystem/my_NewMark/2Dsystem/sourcefile/mybuild/CMakeFiles/CMakeTmp'
gmake: *** [Makefile:127: cmTC_11853/fast] Error 2


Source file was:
#include <pthread.h>

static void* test_func(void* data)
{
  return data;
}

int main(void)
{
  pthread_t thread;
  pthread_create(&thread, NULL, test_func, NULL);
  pthread_detach(thread);
  pthread_cancel(thread);
  pthread_join(thread, NULL);
  pthread_atfork(NULL, NULL, NULL);
  pthread_exit(NULL);

  return 0;
}

Determining if the function pthread_create exists in the pthreads failed with the following output:
Change Dir: /work/chuanqiu/2Dsystem/my_NewMark/2Dsystem/sourcefile/mybuild/CMakeFiles/CMakeTmp

Run Build Command(s):/usr/bin/gmake -f Makefile cmTC_a5ca0/fast && /usr/bin/gmake  -f CMakeFiles/cmTC_a5ca0.dir/build.make CMakeFiles/cmTC_a5ca0.dir/build
gmake[1]: Entering directory '/work/chuanqiu/2Dsystem/my_NewMark/2Dsystem/sourcefile/mybuild/CMakeFiles/CMakeTmp'
Building C object CMakeFiles/cmTC_a5ca0.dir/CheckFunctionExists.c.o
/opt/apps/gcc/12.2.0/bin/gcc   -DCHECK_FUNCTION_EXISTS=pthread_create -o CMakeFiles/cmTC_a5ca0.dir/CheckFunctionExists.c.o -c /opt/apps/cmake/3.23.2/share/cmake-3.23/Modules/CheckFunctionExists.c
Linking C executable cmTC_a5ca0
/opt/apps/cmake/3.23.2/bin/cmake -E cmake_link_script CMakeFiles/cmTC_a5ca0.dir/link.txt --verbose=1
/opt/apps/gcc/12.2.0/bin/gcc  -DCHECK_FUNCTION_EXISTS=pthread_create CMakeFiles/cmTC_a5ca0.dir/CheckFunctionExists.c.o -o cmTC_a5ca0  -lpthreads 
/usr/bin/ld: cannot find -lpthreads
collect2: error: ld returned 1 exit status
gmake[1]: *** [CMakeFiles/cmTC_a5ca0.dir/build.make:99: cmTC_a5ca0] Error 1
gmake[1]: Leaving directory '/work/chuanqiu/2Dsystem/my_NewMark/2Dsystem/sourcefile/mybuild/CMakeFiles/CMakeTmp'
gmake: *** [Makefile:127: cmTC_a5ca0/fast] Error 2



