Determining if the function sgemm_ exists failed with the following output:
Change Dir: /work/chuanqiu/2Dsystem/my_NewMark/2Dsystem/mybuild_src/CMakeFiles/CMakeTmp

Run Build Command(s):/usr/bin/gmake -f Makefile cmTC_5b3ae/fast && /usr/bin/gmake  -f CMakeFiles/cmTC_5b3ae.dir/build.make CMakeFiles/cmTC_5b3ae.dir/build
gmake[1]: Entering directory '/work/chuanqiu/2Dsystem/my_NewMark/2Dsystem/mybuild_src/CMakeFiles/CMakeTmp'
Building C object CMakeFiles/cmTC_5b3ae.dir/CheckFunctionExists.c.o
/opt/apps/gcc/12.2.0/bin/gcc   -DCHECK_FUNCTION_EXISTS=sgemm_ -o CMakeFiles/cmTC_5b3ae.dir/CheckFunctionExists.c.o -c /opt/apps/cmake/3.23.2/share/cmake-3.23/Modules/CheckFunctionExists.c
Linking C executable cmTC_5b3ae
/opt/apps/cmake/3.23.2/bin/cmake -E cmake_link_script CMakeFiles/cmTC_5b3ae.dir/link.txt --verbose=1
/opt/apps/gcc/12.2.0/bin/gcc  -DCHECK_FUNCTION_EXISTS=sgemm_ CMakeFiles/cmTC_5b3ae.dir/CheckFunctionExists.c.o -o cmTC_5b3ae 
CMakeFiles/cmTC_5b3ae.dir/CheckFunctionExists.c.o: In function `main':
CheckFunctionExists.c:(.text+0x10): undefined reference to `sgemm_'
collect2: error: ld returned 1 exit status
gmake[1]: *** [CMakeFiles/cmTC_5b3ae.dir/build.make:99: cmTC_5b3ae] Error 1
gmake[1]: Leaving directory '/work/chuanqiu/2Dsystem/my_NewMark/2Dsystem/mybuild_src/CMakeFiles/CMakeTmp'
gmake: *** [Makefile:127: cmTC_5b3ae/fast] Error 2



Performing C SOURCE FILE Test CMAKE_HAVE_LIBC_PTHREAD failed with the following output:
Change Dir: /work/chuanqiu/2Dsystem/my_NewMark/2Dsystem/mybuild_src/CMakeFiles/CMakeTmp

Run Build Command(s):/usr/bin/gmake -f Makefile cmTC_e4cd8/fast && /usr/bin/gmake  -f CMakeFiles/cmTC_e4cd8.dir/build.make CMakeFiles/cmTC_e4cd8.dir/build
gmake[1]: Entering directory '/work/chuanqiu/2Dsystem/my_NewMark/2Dsystem/mybuild_src/CMakeFiles/CMakeTmp'
Building C object CMakeFiles/cmTC_e4cd8.dir/src.c.o
/opt/apps/gcc/12.2.0/bin/gcc -DCMAKE_HAVE_LIBC_PTHREAD   -o CMakeFiles/cmTC_e4cd8.dir/src.c.o -c /work/chuanqiu/2Dsystem/my_NewMark/2Dsystem/mybuild_src/CMakeFiles/CMakeTmp/src.c
Linking C executable cmTC_e4cd8
/opt/apps/cmake/3.23.2/bin/cmake -E cmake_link_script CMakeFiles/cmTC_e4cd8.dir/link.txt --verbose=1
/opt/apps/gcc/12.2.0/bin/gcc CMakeFiles/cmTC_e4cd8.dir/src.c.o -o cmTC_e4cd8 
CMakeFiles/cmTC_e4cd8.dir/src.c.o: In function `main':
src.c:(.text+0x2d): undefined reference to `pthread_create'
src.c:(.text+0x39): undefined reference to `pthread_detach'
src.c:(.text+0x45): undefined reference to `pthread_cancel'
src.c:(.text+0x56): undefined reference to `pthread_join'
collect2: error: ld returned 1 exit status
gmake[1]: *** [CMakeFiles/cmTC_e4cd8.dir/build.make:99: cmTC_e4cd8] Error 1
gmake[1]: Leaving directory '/work/chuanqiu/2Dsystem/my_NewMark/2Dsystem/mybuild_src/CMakeFiles/CMakeTmp'
gmake: *** [Makefile:127: cmTC_e4cd8/fast] Error 2


Source file was:
#include <pthread.h>

static void* test_func(void* data)
{
  return data;
}

int main(void)
{
  pthread_t thread;
  pthread_create(&thread, NULL, test_func, NULL);
  pthread_detach(thread);
  pthread_cancel(thread);
  pthread_join(thread, NULL);
  pthread_atfork(NULL, NULL, NULL);
  pthread_exit(NULL);

  return 0;
}

Determining if the function pthread_create exists in the pthreads failed with the following output:
Change Dir: /work/chuanqiu/2Dsystem/my_NewMark/2Dsystem/mybuild_src/CMakeFiles/CMakeTmp

Run Build Command(s):/usr/bin/gmake -f Makefile cmTC_74890/fast && /usr/bin/gmake  -f CMakeFiles/cmTC_74890.dir/build.make CMakeFiles/cmTC_74890.dir/build
gmake[1]: Entering directory '/work/chuanqiu/2Dsystem/my_NewMark/2Dsystem/mybuild_src/CMakeFiles/CMakeTmp'
Building C object CMakeFiles/cmTC_74890.dir/CheckFunctionExists.c.o
/opt/apps/gcc/12.2.0/bin/gcc   -DCHECK_FUNCTION_EXISTS=pthread_create -o CMakeFiles/cmTC_74890.dir/CheckFunctionExists.c.o -c /opt/apps/cmake/3.23.2/share/cmake-3.23/Modules/CheckFunctionExists.c
Linking C executable cmTC_74890
/opt/apps/cmake/3.23.2/bin/cmake -E cmake_link_script CMakeFiles/cmTC_74890.dir/link.txt --verbose=1
/opt/apps/gcc/12.2.0/bin/gcc  -DCHECK_FUNCTION_EXISTS=pthread_create CMakeFiles/cmTC_74890.dir/CheckFunctionExists.c.o -o cmTC_74890  -lpthreads 
/usr/bin/ld: cannot find -lpthreads
collect2: error: ld returned 1 exit status
gmake[1]: *** [CMakeFiles/cmTC_74890.dir/build.make:99: cmTC_74890] Error 1
gmake[1]: Leaving directory '/work/chuanqiu/2Dsystem/my_NewMark/2Dsystem/mybuild_src/CMakeFiles/CMakeTmp'
gmake: *** [Makefile:127: cmTC_74890/fast] Error 2



